This is pdfTeX, Version 3.14159265-2.6-1.40.19 (TeX Live 2018) (preloaded format=pdflatex 2018.4.16)  15 MAY 2019 04:12
entering extended mode
 restricted \write18 enabled.
 file:line:error style messages enabled.
 %&-line parsing enabled.
**main.tex
(./main.tex
LaTeX2e <2018-04-01> patch level 2
Babel <3.18> and hyphenation patterns for 84 language(s) loaded.
(/usr/local/texlive/2018/texmf-dist/tex/latex/base/report.cls
Document Class: report 2014/09/29 v1.4h Standard LaTeX document class
(/usr/local/texlive/2018/texmf-dist/tex/latex/base/size12.clo
File: size12.clo 2014/09/29 v1.4h Standard LaTeX file (size option)
)
\c@part=\count80
\c@chapter=\count81
\c@section=\count82
\c@subsection=\count83
\c@subsubsection=\count84
\c@paragraph=\count85
\c@subparagraph=\count86
\c@figure=\count87
\c@table=\count88
\abovecaptionskip=\skip41
\belowcaptionskip=\skip42
\bibindent=\dimen102
)
(/usr/local/texlive/2018/texmf-dist/tex/latex/graphics/graphicx.sty
Package: graphicx 2017/06/01 v1.1a Enhanced LaTeX Graphics (DPC,SPQR)

(/usr/local/texlive/2018/texmf-dist/tex/latex/graphics/keyval.sty
Package: keyval 2014/10/28 v1.15 key=value parser (DPC)
\KV@toks@=\toks14
)
(/usr/local/texlive/2018/texmf-dist/tex/latex/graphics/graphics.sty
Package: graphics 2017/06/25 v1.2c Standard LaTeX Graphics (DPC,SPQR)

(/usr/local/texlive/2018/texmf-dist/tex/latex/graphics/trig.sty
Package: trig 2016/01/03 v1.10 sin cos tan (DPC)
)
(/usr/local/texlive/2018/texmf-dist/tex/latex/graphics-cfg/graphics.cfg
File: graphics.cfg 2016/06/04 v1.11 sample graphics configuration
)
Package graphics Info: Driver file: pdftex.def on input line 99.

(/usr/local/texlive/2018/texmf-dist/tex/latex/graphics-def/pdftex.def
File: pdftex.def 2018/01/08 v1.0l Graphics/color driver for pdftex
))
\Gin@req@height=\dimen103
\Gin@req@width=\dimen104
)
(/usr/local/texlive/2018/texmf-dist/tex/latex/setspace/setspace.sty
Package: setspace 2011/12/19 v6.7a set line spacing
)
(/usr/local/texlive/2018/texmf-dist/tex/latex/sectsty/sectsty.sty
Package: sectsty 2002/02/25 v2.0.2 Commands to change all sectional heading sty
les
)
(/usr/local/texlive/2018/texmf-dist/tex/latex/was/upgreek.sty
Package: upgreek 2003/02/12 v2.0 (WaS)
Package upgreek Info: Using Euler Roman for upright Greek on input line 31.
\symugrf@m=\mathgroup4
LaTeX Font Info:    Overwriting symbol font `ugrf@m' in version `bold'
(Font)                  U/eur/m/n --> U/eur/b/n on input line 38.
)
(/usr/local/texlive/2018/texmf-dist/tex/latex/base/inputenc.sty
Package: inputenc 2018/04/06 v1.3b Input encoding file
\inpenc@prehook=\toks15
\inpenc@posthook=\toks16

(/usr/local/texlive/2018/texmf-dist/tex/latex/ucs/utf8x.def
File: utf8x.def 2004/10/17 UCS: Input encoding UTF-8
))
(/usr/local/texlive/2018/texmf-dist/tex/latex/ucs/ucs.sty
Package: ucs 2013/05/11 v2.2 UCS: Unicode input support

(/usr/local/texlive/2018/texmf-dist/tex/latex/ucs/data/uni-global.def
File: uni-global.def 2013/05/13 UCS: Unicode global data
)
\uc@secondtry=\count89
\uc@combtoks=\toks17
\uc@combtoksb=\toks18
\uc@temptokena=\toks19
)
(/usr/local/texlive/2018/texmf-dist/tex/latex/listings/listings.sty
\lst@mode=\count90
\lst@gtempboxa=\box26
\lst@token=\toks20
\lst@length=\count91
\lst@currlwidth=\dimen105
\lst@column=\count92
\lst@pos=\count93
\lst@lostspace=\dimen106
\lst@width=\dimen107
\lst@newlines=\count94
\lst@lineno=\count95
\lst@maxwidth=\dimen108

(/usr/local/texlive/2018/texmf-dist/tex/latex/listings/lstmisc.sty
File: lstmisc.sty 2015/06/04 1.6 (Carsten Heinz)
\c@lstnumber=\count96
\lst@skipnumbers=\count97
\lst@framebox=\box27
)
(/usr/local/texlive/2018/texmf-dist/tex/latex/listings/listings.cfg
File: listings.cfg 2015/06/04 1.6 listings configuration
))
Package: listings 2015/06/04 1.6 (Carsten Heinz)

(/usr/local/texlive/2018/texmf-dist/tex/latex/graphics/color.sty
Package: color 2016/07/10 v1.1e Standard LaTeX Color (DPC)

(/usr/local/texlive/2018/texmf-dist/tex/latex/graphics-cfg/color.cfg
File: color.cfg 2016/01/02 v1.6 sample color configuration
)
Package color Info: Driver file: pdftex.def on input line 147.
)
(/usr/local/texlive/2018/texmf-dist/tex/latex/listings/lstlang1.sty
File: lstlang1.sty 2015/06/04 1.6 listings language file
)
(/usr/local/texlive/2018/texmf-dist/tex/latex/tools/enumerate.sty
Package: enumerate 2015/07/23 v3.00 enumerate extensions (DPC)
\@enLab=\toks21
) (./main.aux)
\openout1 = `main.aux'.

LaTeX Font Info:    Checking defaults for OML/cmm/m/it on input line 49.
LaTeX Font Info:    ... okay on input line 49.
LaTeX Font Info:    Checking defaults for T1/cmr/m/n on input line 49.
LaTeX Font Info:    ... okay on input line 49.
LaTeX Font Info:    Checking defaults for OT1/cmr/m/n on input line 49.
LaTeX Font Info:    ... okay on input line 49.
LaTeX Font Info:    Checking defaults for OMS/cmsy/m/n on input line 49.
LaTeX Font Info:    ... okay on input line 49.
LaTeX Font Info:    Checking defaults for OMX/cmex/m/n on input line 49.
LaTeX Font Info:    ... okay on input line 49.
LaTeX Font Info:    Checking defaults for U/cmr/m/n on input line 49.
LaTeX Font Info:    ... okay on input line 49.
(/usr/local/texlive/2018/texmf-dist/tex/context/base/mkii/supp-pdf.mkii
[Loading MPS to PDF converter (version 2006.09.02).]
\scratchcounter=\count98
\scratchdimen=\dimen109
\scratchbox=\box28
\nofMPsegments=\count99
\nofMParguments=\count100
\everyMPshowfont=\toks22
\MPscratchCnt=\count101
\MPscratchDim=\dimen110
\MPnumerator=\count102
\makeMPintoPDFobject=\count103
\everyMPtoPDFconversion=\toks23
) (/usr/local/texlive/2018/texmf-dist/tex/latex/oberdiek/epstopdf-base.sty
Package: epstopdf-base 2016/05/15 v2.6 Base part for package epstopdf

(/usr/local/texlive/2018/texmf-dist/tex/generic/oberdiek/infwarerr.sty
Package: infwarerr 2016/05/16 v1.4 Providing info/warning/error messages (HO)
)
(/usr/local/texlive/2018/texmf-dist/tex/latex/oberdiek/grfext.sty
Package: grfext 2016/05/16 v1.2 Manage graphics extensions (HO)

(/usr/local/texlive/2018/texmf-dist/tex/generic/oberdiek/kvdefinekeys.sty
Package: kvdefinekeys 2016/05/16 v1.4 Define keys (HO)

(/usr/local/texlive/2018/texmf-dist/tex/generic/oberdiek/ltxcmds.sty
Package: ltxcmds 2016/05/16 v1.23 LaTeX kernel commands for general use (HO)
)))
(/usr/local/texlive/2018/texmf-dist/tex/latex/oberdiek/kvoptions.sty
Package: kvoptions 2016/05/16 v3.12 Key value format for package options (HO)

(/usr/local/texlive/2018/texmf-dist/tex/generic/oberdiek/kvsetkeys.sty
Package: kvsetkeys 2016/05/16 v1.17 Key value parser (HO)

(/usr/local/texlive/2018/texmf-dist/tex/generic/oberdiek/etexcmds.sty
Package: etexcmds 2016/05/16 v1.6 Avoid name clashes with e-TeX commands (HO)

(/usr/local/texlive/2018/texmf-dist/tex/generic/oberdiek/ifluatex.sty
Package: ifluatex 2016/05/16 v1.4 Provides the ifluatex switch (HO)
Package ifluatex Info: LuaTeX not detected.
)
Package etexcmds Info: Could not find \expanded.
(etexcmds)             That can mean that you are not using pdfTeX 1.50 or
(etexcmds)             that some package has redefined \expanded.
(etexcmds)             In the latter case, load this package earlier.
)))
(/usr/local/texlive/2018/texmf-dist/tex/generic/oberdiek/pdftexcmds.sty
Package: pdftexcmds 2018/01/30 v0.27 Utility functions of pdfTeX for LuaTeX (HO
)

(/usr/local/texlive/2018/texmf-dist/tex/generic/oberdiek/ifpdf.sty
Package: ifpdf 2017/03/15 v3.2 Provides the ifpdf switch
)
Package pdftexcmds Info: LuaTeX not detected.
Package pdftexcmds Info: \pdf@primitive is available.
Package pdftexcmds Info: \pdf@ifprimitive is available.
Package pdftexcmds Info: \pdfdraftmode found.
)
Package epstopdf-base Info: Redefining graphics rule for `.eps' on input line 4
38.
Package grfext Info: Graphics extension search list:
(grfext)             [.pdf,.png,.jpg,.mps,.jpeg,.jbig2,.jb2,.PDF,.PNG,.JPG,.JPE
G,.JBIG2,.JB2,.eps]
(grfext)             \AppendGraphicsExtensions on input line 456.

(/usr/local/texlive/2018/texmf-dist/tex/latex/latexconfig/epstopdf-sys.cfg
File: epstopdf-sys.cfg 2010/07/13 v1.3 Configuration of (r)epstopdf for TeX Liv
e
))
(/usr/local/texlive/2018/texmf-dist/tex/latex/ucs/ucsencs.def
File: ucsencs.def 2011/01/21 Fixes to fontencodings LGR, T3
)
\c@lstlisting=\count104
LaTeX Font Info:    External font `cmex10' loaded for size
(Font)              <14.4> on input line 50.
LaTeX Font Info:    External font `cmex10' loaded for size
(Font)              <7> on input line 50.
 [1

{/usr/local/texlive/2018/texmf-var/fonts/map/pdftex/updmap/pdftex.map}]
(./abstract/abstract.tex) [1] (./gratitude/readers.tex) [2]

LaTeX Font Warning: Font shape `OT1/cmr/bx/n' in size <20> not available
(Font)              size <20.74> substituted on input line 57.

(./chapters/introduction/introduction.tex
(/usr/local/texlive/2018/texmf-dist/tex/latex/ucs/data/uni-32.def
File: uni-32.def 2013/05/13 UCS: Unicode data U+2000..U+20FF
) [3

] [4])
[5] (./chapters/ragas/ragas.tex
(/usr/local/texlive/2018/texmf-dist/tex/latex/ucs/data/uni-1.def
File: uni-1.def 2013/05/13 UCS: Unicode data U+0100..U+01FF
) [6

] [7]
[8]) [9] [10] (./chapters/librosa/librosa.tex [11

]
LaTeX Font Info:    External font `cmex10' loaded for size
(Font)              <12> on input line 10.
LaTeX Font Info:    External font `cmex10' loaded for size
(Font)              <8> on input line 10.
LaTeX Font Info:    External font `cmex10' loaded for size
(Font)              <6> on input line 10.
 [12] [13] [14] [15] [16]
<../images/stft-specgram.png, id=61, 422.57875pt x 282.05376pt>
File: ../images/stft-specgram.png Graphic file (type png)
<use ../images/stft-specgram.png>
Package pdftex.def Info: ../images/stft-specgram.png  used on input line 69.
(pdftex.def)             Requested size: 422.57771pt x 282.05305pt.
<../images/mel-spectrogram.png, id=63, 423.5825pt x 282.05376pt>
File: ../images/mel-spectrogram.png Graphic file (type png)
<use ../images/mel-spectrogram.png>
Package pdftex.def Info: ../images/mel-spectrogram.png  used on input line 71.
(pdftex.def)             Requested size: 423.58147pt x 282.05305pt.

Overfull \hbox (32.57771pt too wide) in paragraph at lines 69--72
[][]
 []


Overfull \hbox (33.58147pt too wide) in paragraph at lines 69--72
[] 
 []


LaTeX Warning: Float too large for page by 62.43942pt on input line 72.

<../images/chroma-cqt.png, id=64, 404.51125pt x 282.05376pt>
File: ../images/chroma-cqt.png Graphic file (type png)
<use ../images/chroma-cqt.png>
Package pdftex.def Info: ../images/chroma-cqt.png  used on input line 75.
(pdftex.def)             Requested size: 404.51025pt x 282.05305pt.
<../images/tonnetz.png, id=65, 417.56pt x 283.0575pt>
File: ../images/tonnetz.png Graphic file (type png)
<use ../images/tonnetz.png>
Package pdftex.def Info: ../images/tonnetz.png  used on input line 77.
(pdftex.def)             Requested size: 417.55896pt x 283.0568pt.

Overfull \hbox (14.51025pt too wide) in paragraph at lines 75--78
[][]
 []


Overfull \hbox (27.55896pt too wide) in paragraph at lines 75--78
[] 
 []


LaTeX Warning: Float too large for page by 63.44316pt on input line 78.

<../images/waveplot.png, id=66, 427.5975pt x 282.05376pt>
File: ../images/waveplot.png Graphic file (type png)
<use ../images/waveplot.png>
Package pdftex.def Info: ../images/waveplot.png  used on input line 81.
(pdftex.def)             Requested size: 427.59645pt x 282.05305pt.

Overfull \hbox (37.59645pt too wide) in paragraph at lines 81--82
[][] 
 []

) [17] [18 <../images/stft-specgram.png> <../images/mel-spectrogram.png>]
[19 <../images/chroma-cqt.png> <../images/tonnetz.png>] [20 <../images/waveplot
.png>] (./chapters/background/background.tex
(/usr/local/texlive/2018/texmf-dist/tex/latex/ucs/data/uni-0.def
File: uni-0.def 2013/05/13 UCS: Unicode data U+0000..U+00FF
) [21

] [22]
<../images/vocal-stft.png, id=91, 867.24pt x 289.08pt>
File: ../images/vocal-stft.png Graphic file (type png)
<use ../images/vocal-stft.png>
Package pdftex.def Info: ../images/vocal-stft.png  used on input line 16.
(pdftex.def)             Requested size: 426.79134pt x 142.26357pt.

Overfull \hbox (36.79134pt too wide) in paragraph at lines 16--17
[][] 
 []

[23]
Overfull \hbox (2.38065pt too wide) in paragraph at lines 24--24
[]\OT1/cmr/m/n/12 no un-voiced speech, which in-cludes con-so-nants like `t', `
p,', `k', `s', breaths,
 []

[24 <../images/vocal-stft.png>]) [25] (./chapters/cnn/cnn.tex
LaTeX Font Info:    Try loading font information for OMS+cmr on input line 7.

(/usr/local/texlive/2018/texmf-dist/tex/latex/base/omscmr.fd
File: omscmr.fd 2014/09/29 v2.5h Standard LaTeX font definitions
)
LaTeX Font Info:    Font shape `OMS/cmr/m/n' in size <12> not available
(Font)              Font shape `OMS/cmsy/m/n' tried instead on input line 7.
 [26

]
<../images/edge-fig-1.png, id=107, 118.94438pt x 71.51718pt>
File: ../images/edge-fig-1.png Graphic file (type png)
<use ../images/edge-fig-1.png>
Package pdftex.def Info: ../images/edge-fig-1.png  used on input line 22.
(pdftex.def)             Requested size: 130.8392pt x 78.66913pt.

Overfull \hbox (36.87646pt too wide) in paragraph at lines 22--23
[][] 
 []

<../images/edge-fig-2.png, id=108, 291.33844pt x 179.16937pt>
File: ../images/edge-fig-2.png Graphic file (type png)
<use ../images/edge-fig-2.png>
Package pdftex.def Info: ../images/edge-fig-2.png  used on input line 28.
(pdftex.def)             Requested size: 341.43306pt x 209.99365pt.
[27 <../images/edge-fig-1.png>]
<../images/matrix-fig-3.png, id=112, 129.48375pt x 89.58469pt>
File: ../images/matrix-fig-3.png Graphic file (type png)
<use ../images/matrix-fig-3.png>
Package pdftex.def Info: ../images/matrix-fig-3.png  used on input line 34.
(pdftex.def)             Requested size: 341.43306pt x 236.25002pt.
<../images/mat-filter-fig-4.png, id=113, 262.73157pt x 114.4275pt>
File: ../images/mat-filter-fig-4.png Graphic file (type png)
<use ../images/mat-filter-fig-4.png>
Package pdftex.def Info: ../images/mat-filter-fig-4.png  used on input line 40.

(pdftex.def)             Requested size: 341.43306pt x 148.71033pt.
<../images/mat-fig-5.png, id=114, 110.66344pt x 111.41624pt>
File: ../images/mat-fig-5.png Graphic file (type png)
<use ../images/mat-fig-5.png>
Package pdftex.def Info: ../images/mat-fig-5.png  used on input line 46.
(pdftex.def)             Requested size: 121.73013pt x 122.55824pt.
 [28 <../images/edge-fig-2.png>] [29 <../images/matrix-fig-3.png> <../images/ma
t-filter-fig-4.png>]
<../images/mat-fig-6.png, id=121, 110.66344pt x 111.41624pt>
File: ../images/mat-fig-6.png Graphic file (type png)
<use ../images/mat-fig-6.png>
Package pdftex.def Info: ../images/mat-fig-6.png  used on input line 52.
(pdftex.def)             Requested size: 121.73013pt x 122.55824pt.
<../images/mat-fig-7.png, id=122, 83.5622pt x 56.46094pt>
File: ../images/mat-fig-7.png Graphic file (type png)
<use ../images/mat-fig-7.png>
Package pdftex.def Info: ../images/mat-fig-7.png  used on input line 58.
(pdftex.def)             Requested size: 91.91869pt x 62.1072pt.
<../images/conv-fig-8.png, id=123, 506.6428pt x 269.50688pt>
File: ../images/conv-fig-8.png Graphic file (type png)
<use ../images/conv-fig-8.png>
Package pdftex.def Info: ../images/conv-fig-8.png  used on input line 64.
(pdftex.def)             Requested size: 369.88582pt x 196.76305pt.
 [30 <../images/mat-fig-5.png>] [31 <../images/mat-fig-6.png> <../images/mat-fi
g-7.png>]
(/usr/local/texlive/2018/texmf-dist/tex/latex/ucs/data/uni-34.def
File: uni-34.def 2013/05/13 UCS: Unicode data U+2200..U+22FF
) [32 <../images/conv-fig-8.png>]
<../images/filters-fig-9.png, id=137, 198.7425pt x 104.64093pt>
File: ../images/filters-fig-9.png Graphic file (type png)
<use ../images/filters-fig-9.png>
Package pdftex.def Info: ../images/filters-fig-9.png  used on input line 79.
(pdftex.def)             Requested size: 341.43306pt x 179.79045pt.
<../images/cnn-fig-10.png, id=138, 782.925pt x 240.9pt>
File: ../images/cnn-fig-10.png Graphic file (type png)
<use ../images/cnn-fig-10.png>
Package pdftex.def Info: ../images/cnn-fig-10.png  used on input line 83.
(pdftex.def)             Requested size: 626.34085pt x 192.72025pt.
 [33 <../images/filters-fig-9.png> <../images/cnn-fig-10.png>] [34]
<../images/mat-fig-11.png, id=146, 82.05656pt x 56.46094pt>
File: ../images/mat-fig-11.png Graphic file (type png)
<use ../images/mat-fig-11.png>
Package pdftex.def Info: ../images/mat-fig-11.png  used on input line 133.
(pdftex.def)             Requested size: 90.26248pt x 62.1072pt.
 [35]
<../images/max-pool-fig-12.png, id=150, 204.01219pt x 70.01157pt>
File: ../images/max-pool-fig-12.png Graphic file (type png)
<use ../images/max-pool-fig-12.png>
Package pdftex.def Info: ../images/max-pool-fig-12.png  used on input line 137.

(pdftex.def)             Requested size: 224.4141pt x 77.01294pt.
 [36 <../images/mat-fig-11.png> <../images/max-pool-fig-12.png>]

LaTeX Warning: Command \textendash invalid in math mode on input line 149.


LaTeX Warning: Command \textendash invalid in math mode on input line 149.

<../images/3D-conv-fig-13.png, id=155, 612.03656pt x 204.01219pt>
File: ../images/3D-conv-fig-13.png Graphic file (type png)
<use ../images/3D-conv-fig-13.png>
Package pdftex.def Info: ../images/3D-conv-fig-13.png  used on input line 166.
(pdftex.def)             Requested size: 489.62991pt x 163.20996pt.
[37] [38 <../images/3D-conv-fig-13.png>] [39]
<../images/complete-cnn.png, id=166, 951.555pt x 355.3275pt>
File: ../images/complete-cnn.png Graphic file (type png)
<use ../images/complete-cnn.png>
Package pdftex.def Info: ../images/complete-cnn.png  used on input line 210.
(pdftex.def)             Requested size: 761.24504pt x 284.26237pt.

Overfull \hbox (36.79483pt too wide) in paragraph at lines 210--211
[][] 
 []

[40 <../images/complete-cnn.png>]) [41] (./chapters/methodology/methodology.tex
[42

] [43] [44]
<../images/audio-directory.png, id=184, 210.7875pt x 638.385pt>
File: ../images/audio-directory.png Graphic file (type png)
<use ../images/audio-directory.png>
Package pdftex.def Info: ../images/audio-directory.png  used on input line 34.
(pdftex.def)             Requested size: 210.78699pt x 638.38342pt.
<../images/audio-directory2.png, id=185, 170.6375pt x 233.87375pt>
File: ../images/audio-directory2.png Graphic file (type png)
<use ../images/audio-directory2.png>
Package pdftex.def Info: ../images/audio-directory2.png  used on input line 35.

(pdftex.def)             Requested size: 170.63707pt x 233.87315pt.


LaTeX Warning: Float too large for page by 111.55005pt on input line 36.

[45] [46 <../images/audio-directory.png> <../images/audio-directory2.png>]
[47] [48]
Overfull \hbox (61.84671pt too wide) in paragraph at lines 103--104
[][][][][][][][][][][][][][][][][][][][][][][][][][][][][][][][][][][][][][][][
][][][][][][][][][][][][][][][][][][][][]  
 []


Overfull \hbox (23.45708pt too wide) in paragraph at lines 106--107
[]\OT1/cmr/m/n/12 The above script al-lowed me to au-to-mate the gen-er-a-tion 
of stft-chromagrams
 []

[49]
Overfull \hbox (1.36508pt too wide) in paragraph at lines 132--133
[][][][][][][][][][][][][][][][][][][][][][][][][][][][][][][][][][][][][][][][
][][][][][][][][][][][][][][]  
 []

[50]
Overfull \hbox (88.29053pt too wide) in paragraph at lines 148--149
[][][][][][][][][][][][][][][][][][][][][][][][][][][][][][][][][][][][][][][][
][][][][][][][][][][][][][][][][][][][][][][][][][][][][][][][][][][][][][][]  

 []

<../images/bhairav-chroma-tree.png, id=208, 221.82875pt x 503.8825pt>
File: ../images/bhairav-chroma-tree.png Graphic file (type png)
<use ../images/bhairav-chroma-tree.png>
Package pdftex.def Info: ../images/bhairav-chroma-tree.png  used on input line 
155.
(pdftex.def)             Requested size: 221.82819pt x 503.88127pt.
<../images/bhup-chroma-tree.png, id=209, 217.81375pt x 439.6425pt>
File: ../images/bhup-chroma-tree.png Graphic file (type png)
<use ../images/bhup-chroma-tree.png>
Package pdftex.def Info: ../images/bhup-chroma-tree.png  used on input line 156
.
(pdftex.def)             Requested size: 217.8132pt x 439.64142pt.

Overfull \hbox (52.25247pt too wide) in paragraph at lines 155--157
[][] [] 
 []

[51] [52 <../images/bhairav-chroma-tree.png> <../images/bhup-chroma-tree.png>]
[53] [54] [55] [56] [57] [58]) [59]
(./chapters/classification-analysis/analysis.tex
<../images/results.png, id=240, 1033.8625pt x 343.2825pt>
File: ../images/results.png Graphic file (type png)
<use ../images/results.png>
Package pdftex.def Info: ../images/results.png  used on input line 12.
(pdftex.def)             Requested size: 398.33014pt x 142.26053pt.

Overfull \hbox (8.33014pt too wide) in paragraph at lines 12--13
[][] 
 []

[60

]
<../images/pred-table.png, id=245, 242.9075pt x 298.11375pt>
File: ../images/pred-table.png Graphic file (type png)
<use ../images/pred-table.png>
Package pdftex.def Info: ../images/pred-table.png  used on input line 41.
(pdftex.def)             Requested size: 284.52756pt x 349.19199pt.
 [61 <../images/results.png>]) [62 <../images/pred-table.png>] [63]
(./chapters/future_steps/future_steps.tex [64

]) [65] [66] (./main.aux)

LaTeX Font Warning: Size substitutions with differences
(Font)              up to 0.74pt have occurred.

 ) 
Here is how much of TeX's memory you used:
 6069 strings out of 492649
 80324 string characters out of 6129622
 159441 words of memory out of 5000000
 9826 multiletter control sequences out of 15000+600000
 11281 words of font info for 40 fonts, out of 8000000 for 9000
 1141 hyphenation exceptions out of 8191
 41i,7n,40p,1961b,1653s stack positions out of 5000i,500n,10000p,200000b,80000s
</usr/local/texlive/2018/texmf-dist/fonts/type1/public/amsfonts/cm/cmbx12.pfb
></usr/local/texlive/2018/texmf-dist/fonts/type1/public/amsfonts/cm/cmex10.pfb>
</usr/local/texlive/2018/texmf-dist/fonts/type1/public/amsfonts/cm/cmmi12.pfb><
/usr/local/texlive/2018/texmf-dist/fonts/type1/public/amsfonts/cm/cmmi8.pfb></u
sr/local/texlive/2018/texmf-dist/fonts/type1/public/amsfonts/cm/cmr12.pfb></usr
/local/texlive/2018/texmf-dist/fonts/type1/public/amsfonts/cm/cmr8.pfb></usr/lo
cal/texlive/2018/texmf-dist/fonts/type1/public/amsfonts/cm/cmsy10.pfb></usr/loc
al/texlive/2018/texmf-dist/fonts/type1/public/amsfonts/cm/cmsy8.pfb></usr/local
/texlive/2018/texmf-dist/fonts/type1/public/amsfonts/cm/cmtt10.pfb></usr/local/
texlive/2018/texmf-dist/fonts/type1/public/amsfonts/euler/eurm10.pfb>
Output written on main.pdf (67 pages, 2930493 bytes).
PDF statistics:
 302 PDF objects out of 1000 (max. 8388607)
 181 compressed objects within 2 object streams
 0 named destinations out of 1000 (max. 500000)
 131 words of extra memory for PDF output out of 10000 (max. 10000000)

